D:\GASAL_2012\Grafika_Komputer\ftgl-2.1.2\FTGL\win32_vcpp\ftgl_dll\Release_ST\cl.command.1.tlog
D:\GASAL_2012\Grafika_Komputer\ftgl-2.1.2\FTGL\win32_vcpp\ftgl_dll\Release_ST\CL.read.1.tlog
D:\GASAL_2012\Grafika_Komputer\ftgl-2.1.2\FTGL\win32_vcpp\ftgl_dll\Release_ST\CL.write.1.tlog
D:\GASAL_2012\GRAFIKA_KOMPUTER\FTGL-2.1.2\FTGL\WIN32_VCPP\FTGL_DLL\RELEASE_ST\FTBITMAPGLYPH.OBJ
D:\GASAL_2012\GRAFIKA_KOMPUTER\FTGL-2.1.2\FTGL\WIN32_VCPP\FTGL_DLL\RELEASE_ST\FTCHARMAP.OBJ
D:\GASAL_2012\GRAFIKA_KOMPUTER\FTGL-2.1.2\FTGL\WIN32_VCPP\FTGL_DLL\RELEASE_ST\FTCONTOUR.OBJ
D:\GASAL_2012\GRAFIKA_KOMPUTER\FTGL-2.1.2\FTGL\WIN32_VCPP\FTGL_DLL\RELEASE_ST\FTEXTRDGLYPH.OBJ
D:\GASAL_2012\GRAFIKA_KOMPUTER\FTGL-2.1.2\FTGL\WIN32_VCPP\FTGL_DLL\RELEASE_ST\FTFACE.OBJ
D:\GASAL_2012\GRAFIKA_KOMPUTER\FTGL-2.1.2\FTGL\WIN32_VCPP\FTGL_DLL\RELEASE_ST\FTFONT.OBJ
D:\GASAL_2012\Grafika_Komputer\ftgl-2.1.2\FTGL\win32_vcpp\ftgl_dll\Release_ST\ftgl_dll.dll.intermediate.manifest
D:\GASAL_2012\GRAFIKA_KOMPUTER\FTGL-2.1.2\FTGL\WIN32_VCPP\FTGL_DLL\RELEASE_ST\FTGLBITMAPFONT.OBJ
D:\GASAL_2012\GRAFIKA_KOMPUTER\FTGL-2.1.2\FTGL\WIN32_VCPP\FTGL_DLL\RELEASE_ST\FTGLEXTRDFONT.OBJ
D:\GASAL_2012\GRAFIKA_KOMPUTER\FTGL-2.1.2\FTGL\WIN32_VCPP\FTGL_DLL\RELEASE_ST\FTGLOUTLINEFONT.OBJ
D:\GASAL_2012\GRAFIKA_KOMPUTER\FTGL-2.1.2\FTGL\WIN32_VCPP\FTGL_DLL\RELEASE_ST\FTGLPIXMAPFONT.OBJ
D:\GASAL_2012\GRAFIKA_KOMPUTER\FTGL-2.1.2\FTGL\WIN32_VCPP\FTGL_DLL\RELEASE_ST\FTGLPOLYGONFONT.OBJ
D:\GASAL_2012\GRAFIKA_KOMPUTER\FTGL-2.1.2\FTGL\WIN32_VCPP\FTGL_DLL\RELEASE_ST\FTGLTEXTUREFONT.OBJ
D:\GASAL_2012\GRAFIKA_KOMPUTER\FTGL-2.1.2\FTGL\WIN32_VCPP\FTGL_DLL\RELEASE_ST\FTGLYPH.OBJ
D:\GASAL_2012\GRAFIKA_KOMPUTER\FTGL-2.1.2\FTGL\WIN32_VCPP\FTGL_DLL\RELEASE_ST\FTGLYPHCONTAINER.OBJ
D:\GASAL_2012\GRAFIKA_KOMPUTER\FTGL-2.1.2\FTGL\WIN32_VCPP\FTGL_DLL\RELEASE_ST\FTLIBRARY.OBJ
D:\GASAL_2012\GRAFIKA_KOMPUTER\FTGL-2.1.2\FTGL\WIN32_VCPP\FTGL_DLL\RELEASE_ST\FTOUTLINEGLYPH.OBJ
D:\GASAL_2012\GRAFIKA_KOMPUTER\FTGL-2.1.2\FTGL\WIN32_VCPP\FTGL_DLL\RELEASE_ST\FTPIXMAPGLYPH.OBJ
D:\GASAL_2012\GRAFIKA_KOMPUTER\FTGL-2.1.2\FTGL\WIN32_VCPP\FTGL_DLL\RELEASE_ST\FTPOINT.OBJ
D:\GASAL_2012\GRAFIKA_KOMPUTER\FTGL-2.1.2\FTGL\WIN32_VCPP\FTGL_DLL\RELEASE_ST\FTPOLYGLYPH.OBJ
D:\GASAL_2012\GRAFIKA_KOMPUTER\FTGL-2.1.2\FTGL\WIN32_VCPP\FTGL_DLL\RELEASE_ST\FTSIZE.OBJ
D:\GASAL_2012\GRAFIKA_KOMPUTER\FTGL-2.1.2\FTGL\WIN32_VCPP\FTGL_DLL\RELEASE_ST\FTTEXTUREGLYPH.OBJ
D:\GASAL_2012\GRAFIKA_KOMPUTER\FTGL-2.1.2\FTGL\WIN32_VCPP\FTGL_DLL\RELEASE_ST\FTVECTORISER.OBJ
D:\GASAL_2012\Grafika_Komputer\ftgl-2.1.2\FTGL\win32_vcpp\ftgl_dll\Release_ST\link.command.1.tlog
D:\GASAL_2012\Grafika_Komputer\ftgl-2.1.2\FTGL\win32_vcpp\ftgl_dll\Release_ST\link.read.1.tlog
D:\GASAL_2012\Grafika_Komputer\ftgl-2.1.2\FTGL\win32_vcpp\ftgl_dll\Release_ST\link.write.1.tlog
D:\GASAL_2012\GRAFIKA_KOMPUTER\FTGL-2.1.2\FTGL\WIN32_VCPP\FTGL_DLL\RELEASE_ST\VC100.PDB
