D:\GASAL_2012\GRAFIKA_KOMPUTER\FTGL-2.1.2\FTGL\WIN32_VCPP\BUILD\FTGL_DLL.PDB
D:\GASAL_2012\GRAFIKA_KOMPUTER\FTGL-2.1.2\FTGL\WIN32_VCPP\BUILD\FTGL_DYNAMIC_MT_D.DLL
D:\GASAL_2012\Grafika_Komputer\ftgl-2.1.2\FTGL\win32_vcpp\Build\ftgl_dynamic_MT_d.exp
D:\GASAL_2012\GRAFIKA_KOMPUTER\FTGL-2.1.2\FTGL\WIN32_VCPP\BUILD\FTGL_DYNAMIC_MT_D.ILK
D:\GASAL_2012\Grafika_Komputer\ftgl-2.1.2\FTGL\win32_vcpp\Build\ftgl_dynamic_MT_d.lib
D:\GASAL_2012\Grafika_Komputer\ftgl-2.1.2\FTGL\win32_vcpp\ftgl_dll\Debug_ST\cl.command.1.tlog
D:\GASAL_2012\Grafika_Komputer\ftgl-2.1.2\FTGL\win32_vcpp\ftgl_dll\Debug_ST\CL.read.1.tlog
D:\GASAL_2012\Grafika_Komputer\ftgl-2.1.2\FTGL\win32_vcpp\ftgl_dll\Debug_ST\CL.write.1.tlog
D:\GASAL_2012\GRAFIKA_KOMPUTER\FTGL-2.1.2\FTGL\WIN32_VCPP\FTGL_DLL\DEBUG_ST\FTBITMAPGLYPH.OBJ
D:\GASAL_2012\GRAFIKA_KOMPUTER\FTGL-2.1.2\FTGL\WIN32_VCPP\FTGL_DLL\DEBUG_ST\FTCHARMAP.OBJ
D:\GASAL_2012\GRAFIKA_KOMPUTER\FTGL-2.1.2\FTGL\WIN32_VCPP\FTGL_DLL\DEBUG_ST\FTCONTOUR.OBJ
D:\GASAL_2012\GRAFIKA_KOMPUTER\FTGL-2.1.2\FTGL\WIN32_VCPP\FTGL_DLL\DEBUG_ST\FTEXTRDGLYPH.OBJ
D:\GASAL_2012\GRAFIKA_KOMPUTER\FTGL-2.1.2\FTGL\WIN32_VCPP\FTGL_DLL\DEBUG_ST\FTFACE.OBJ
D:\GASAL_2012\GRAFIKA_KOMPUTER\FTGL-2.1.2\FTGL\WIN32_VCPP\FTGL_DLL\DEBUG_ST\FTFONT.OBJ
D:\GASAL_2012\GRAFIKA_KOMPUTER\FTGL-2.1.2\FTGL\WIN32_VCPP\FTGL_DLL\DEBUG_ST\FTGL_DLL.DLL.EMBED.MANIFEST
D:\GASAL_2012\GRAFIKA_KOMPUTER\FTGL-2.1.2\FTGL\WIN32_VCPP\FTGL_DLL\DEBUG_ST\FTGL_DLL.DLL.EMBED.MANIFEST.RES
D:\GASAL_2012\GRAFIKA_KOMPUTER\FTGL-2.1.2\FTGL\WIN32_VCPP\FTGL_DLL\DEBUG_ST\FTGL_DLL.DLL.INTERMEDIATE.MANIFEST
D:\GASAL_2012\Grafika_Komputer\ftgl-2.1.2\FTGL\win32_vcpp\ftgl_dll\Debug_ST\ftgl_dll.write.1.tlog
D:\GASAL_2012\Grafika_Komputer\ftgl-2.1.2\FTGL\win32_vcpp\ftgl_dll\Debug_ST\ftgl_dll_manifest.rc
D:\GASAL_2012\GRAFIKA_KOMPUTER\FTGL-2.1.2\FTGL\WIN32_VCPP\FTGL_DLL\DEBUG_ST\FTGLBITMAPFONT.OBJ
D:\GASAL_2012\GRAFIKA_KOMPUTER\FTGL-2.1.2\FTGL\WIN32_VCPP\FTGL_DLL\DEBUG_ST\FTGLEXTRDFONT.OBJ
D:\GASAL_2012\GRAFIKA_KOMPUTER\FTGL-2.1.2\FTGL\WIN32_VCPP\FTGL_DLL\DEBUG_ST\FTGLOUTLINEFONT.OBJ
D:\GASAL_2012\GRAFIKA_KOMPUTER\FTGL-2.1.2\FTGL\WIN32_VCPP\FTGL_DLL\DEBUG_ST\FTGLPIXMAPFONT.OBJ
D:\GASAL_2012\GRAFIKA_KOMPUTER\FTGL-2.1.2\FTGL\WIN32_VCPP\FTGL_DLL\DEBUG_ST\FTGLPOLYGONFONT.OBJ
D:\GASAL_2012\GRAFIKA_KOMPUTER\FTGL-2.1.2\FTGL\WIN32_VCPP\FTGL_DLL\DEBUG_ST\FTGLTEXTUREFONT.OBJ
D:\GASAL_2012\GRAFIKA_KOMPUTER\FTGL-2.1.2\FTGL\WIN32_VCPP\FTGL_DLL\DEBUG_ST\FTGLYPH.OBJ
D:\GASAL_2012\GRAFIKA_KOMPUTER\FTGL-2.1.2\FTGL\WIN32_VCPP\FTGL_DLL\DEBUG_ST\FTGLYPHCONTAINER.OBJ
D:\GASAL_2012\GRAFIKA_KOMPUTER\FTGL-2.1.2\FTGL\WIN32_VCPP\FTGL_DLL\DEBUG_ST\FTLIBRARY.OBJ
D:\GASAL_2012\GRAFIKA_KOMPUTER\FTGL-2.1.2\FTGL\WIN32_VCPP\FTGL_DLL\DEBUG_ST\FTOUTLINEGLYPH.OBJ
D:\GASAL_2012\GRAFIKA_KOMPUTER\FTGL-2.1.2\FTGL\WIN32_VCPP\FTGL_DLL\DEBUG_ST\FTPIXMAPGLYPH.OBJ
D:\GASAL_2012\GRAFIKA_KOMPUTER\FTGL-2.1.2\FTGL\WIN32_VCPP\FTGL_DLL\DEBUG_ST\FTPOINT.OBJ
D:\GASAL_2012\GRAFIKA_KOMPUTER\FTGL-2.1.2\FTGL\WIN32_VCPP\FTGL_DLL\DEBUG_ST\FTPOLYGLYPH.OBJ
D:\GASAL_2012\GRAFIKA_KOMPUTER\FTGL-2.1.2\FTGL\WIN32_VCPP\FTGL_DLL\DEBUG_ST\FTSIZE.OBJ
D:\GASAL_2012\GRAFIKA_KOMPUTER\FTGL-2.1.2\FTGL\WIN32_VCPP\FTGL_DLL\DEBUG_ST\FTTEXTUREGLYPH.OBJ
D:\GASAL_2012\GRAFIKA_KOMPUTER\FTGL-2.1.2\FTGL\WIN32_VCPP\FTGL_DLL\DEBUG_ST\FTVECTORISER.OBJ
D:\GASAL_2012\Grafika_Komputer\ftgl-2.1.2\FTGL\win32_vcpp\ftgl_dll\Debug_ST\link.12744.read.1.tlog
D:\GASAL_2012\Grafika_Komputer\ftgl-2.1.2\FTGL\win32_vcpp\ftgl_dll\Debug_ST\link.12744.write.1.tlog
D:\GASAL_2012\Grafika_Komputer\ftgl-2.1.2\FTGL\win32_vcpp\ftgl_dll\Debug_ST\link.12744-cvtres.read.1.tlog
D:\GASAL_2012\Grafika_Komputer\ftgl-2.1.2\FTGL\win32_vcpp\ftgl_dll\Debug_ST\link.12744-cvtres.write.1.tlog
D:\GASAL_2012\Grafika_Komputer\ftgl-2.1.2\FTGL\win32_vcpp\ftgl_dll\Debug_ST\link.command.1.tlog
D:\GASAL_2012\Grafika_Komputer\ftgl-2.1.2\FTGL\win32_vcpp\ftgl_dll\Debug_ST\link.read.1.tlog
D:\GASAL_2012\Grafika_Komputer\ftgl-2.1.2\FTGL\win32_vcpp\ftgl_dll\Debug_ST\link.write.1.tlog
D:\GASAL_2012\Grafika_Komputer\ftgl-2.1.2\FTGL\win32_vcpp\ftgl_dll\Debug_ST\link-cvtres.read.1.tlog
D:\GASAL_2012\Grafika_Komputer\ftgl-2.1.2\FTGL\win32_vcpp\ftgl_dll\Debug_ST\link-cvtres.write.1.tlog
D:\GASAL_2012\Grafika_Komputer\ftgl-2.1.2\FTGL\win32_vcpp\ftgl_dll\Debug_ST\mt.command.1.tlog
D:\GASAL_2012\Grafika_Komputer\ftgl-2.1.2\FTGL\win32_vcpp\ftgl_dll\Debug_ST\mt.read.1.tlog
D:\GASAL_2012\Grafika_Komputer\ftgl-2.1.2\FTGL\win32_vcpp\ftgl_dll\Debug_ST\mt.write.1.tlog
D:\GASAL_2012\Grafika_Komputer\ftgl-2.1.2\FTGL\win32_vcpp\ftgl_dll\Debug_ST\rc.command.1.tlog
D:\GASAL_2012\Grafika_Komputer\ftgl-2.1.2\FTGL\win32_vcpp\ftgl_dll\Debug_ST\rc.read.1.tlog
D:\GASAL_2012\Grafika_Komputer\ftgl-2.1.2\FTGL\win32_vcpp\ftgl_dll\Debug_ST\rc.write.1.tlog
D:\GASAL_2012\Grafika_Komputer\ftgl-2.1.2\FTGL\win32_vcpp\ftgl_dll\Debug_ST\vc100.idb
D:\GASAL_2012\GRAFIKA_KOMPUTER\FTGL-2.1.2\FTGL\WIN32_VCPP\FTGL_DLL\DEBUG_ST\VC100.PDB
