Build started 9/16/2012 5:11:53 PM.
     1>Project "D:\GASAL_2012\Grafika_Komputer\ftgl-2.1.2\FTGL\win32_vcpp\ftgl_demo\ftgl_demo.vcxproj" on node 2 (rebuild target(s)).
     1>_PrepareForClean:
         Deleting file ".\Release\ftgl_demo.lastbuildstate".
       InitializeBuildStatus:
         Creating ".\Release\ftgl_demo.unsuccessfulbuild" because "AlwaysCreate" was specified.
       ClCompile:
         c:\Program Files (x86)\Microsoft Visual Studio 10.0\VC\bin\CL.exe /c /I"D:\GASAL_2012\Grafika_Komputer\ftgl-2.1.2\FTGL\win32_vcpp\ftgl_demo\../../../freetype/include" /I..\..\include /Zi /nologo /W3 /WX- /O2 /Ob1 /Oy- /D NDEBUG /D WIN32 /D _CONSOLE /D FTGL_LIBRARY_STATIC /D _VC80_UPGRADE=0x0600 /D _MBCS /GF /Gm- /EHsc /MD /GS /Gy /fp:precise /Zc:wchar_t /Zc:forScope /Fo".\Release\\" /Fd".\Release\vc100.pdb" /Gd /TP /analyze- /errorReport:prompt demo.cpp
         demo.cpp
     1>demo.cpp(479): warning C4996: 'fopen': This function or variable may be unsafe. Consider using fopen_s instead. To disable deprecation, use _CRT_SECURE_NO_WARNINGS. See online help for details.
                 c:\Program Files (x86)\Microsoft Visual Studio 10.0\VC\include\stdio.h(234) : see declaration of 'fopen'
     1>C:\Program Files (x86)\MSBuild\Microsoft.Cpp\v4.0\Microsoft.CppBuild.targets(990,5): warning MSB8012: TargetPath(D:\GASAL_2012\Grafika_Komputer\ftgl-2.1.2\FTGL\win32_vcpp\ftgl_demo\.\Release\ftgl_demo.exe) does not match the Linker's OutputFile property value (D:\GASAL_2012\Grafika_Komputer\ftgl-2.1.2\FTGL\win32_vcpp\Build\ftgl_demo_static.exe). This may cause your project to build incorrectly. To correct this, please make sure that $(OutDir), $(TargetName) and $(TargetExt) property values match the value specified in %(Link.OutputFile).
     1>C:\Program Files (x86)\MSBuild\Microsoft.Cpp\v4.0\Microsoft.CppBuild.targets(992,5): warning MSB8012: TargetName(ftgl_demo) does not match the Linker's OutputFile property value (ftgl_demo_static). This may cause your project to build incorrectly. To correct this, please make sure that $(OutDir), $(TargetName) and $(TargetExt) property values match the value specified in %(Link.OutputFile).
       Link:
         c:\Program Files (x86)\Microsoft Visual Studio 10.0\VC\bin\link.exe /ERRORREPORT:PROMPT /OUT:"../Build/ftgl_demo_static.exe" /INCREMENTAL:NO /NOLOGO /LIBPATH:"D:\GASAL_2012\Grafika_Komputer\ftgl-2.1.2\FTGL\win32_vcpp\ftgl_demo\../../../glut" /LIBPATH:"D:\GASAL_2012\Grafika_Komputer\ftgl-2.1.2\FTGL\win32_vcpp\ftgl_demo\../../../freetype/objs/win32/vc2010" /LIBPATH:..\Build odbc32.lib odbccp32.lib opengl32.lib glu32.lib freetype2410.lib ftgl_static_MT.lib kernel32.lib user32.lib gdi32.lib winspool.lib comdlg32.lib advapi32.lib shell32.lib ole32.lib oleaut32.lib uuid.lib odbc32.lib odbccp32.lib /MANIFEST /ManifestFile:".\Release\ftgl_demo.exe.intermediate.manifest" /MANIFESTUAC:"level='asInvoker' uiAccess='false'" /PDB:"D:\GASAL_2012\Grafika_Komputer\ftgl-2.1.2\FTGL\win32_vcpp\ftgl_demo\Release\ftgl_demo.pdb" /SUBSYSTEM:CONSOLE /TLBID:1 /DYNAMICBASE /NXCOMPAT /IMPLIB:".\Release\ftgl_demo.lib" /MACHINE:X86 .\Release\demo.obj
     1>LINK : warning LNK4098: defaultlib 'LIBCMT' conflicts with use of other libs; use /NODEFAULTLIB:library
         ftgl_demo.vcxproj -> D:\GASAL_2012\Grafika_Komputer\ftgl-2.1.2\FTGL\win32_vcpp\ftgl_demo\.\Release\ftgl_demo.exe
       Manifest:
         C:\Program Files (x86)\Microsoft SDKs\Windows\v7.0A\bin\mt.exe /nologo /verbose /outputresource:"../Build/ftgl_demo_static.exe;#1" /manifest .\Release\ftgl_demo.exe.intermediate.manifest
       FinalizeBuildStatus:
         Deleting file ".\Release\ftgl_demo.unsuccessfulbuild".
         Touching ".\Release\ftgl_demo.lastbuildstate".
     1>Done Building Project "D:\GASAL_2012\Grafika_Komputer\ftgl-2.1.2\FTGL\win32_vcpp\ftgl_demo\ftgl_demo.vcxproj" (rebuild target(s)).

Build succeeded.

Time Elapsed 00:00:03.72
