D:\GASAL_2012\GRAFIKA_KOMPUTER\FTGL-2.1.2\FTGL\WIN32_VCPP\BUILD\FTGL_STATIC_MT_D.LIB
D:\GASAL_2012\Grafika_Komputer\ftgl-2.1.2\FTGL\win32_vcpp\ftgl_static_lib\Debug_ST\cl.command.1.tlog
D:\GASAL_2012\Grafika_Komputer\ftgl-2.1.2\FTGL\win32_vcpp\ftgl_static_lib\Debug_ST\CL.read.1.tlog
D:\GASAL_2012\Grafika_Komputer\ftgl-2.1.2\FTGL\win32_vcpp\ftgl_static_lib\Debug_ST\CL.write.1.tlog
D:\GASAL_2012\GRAFIKA_KOMPUTER\FTGL-2.1.2\FTGL\WIN32_VCPP\FTGL_STATIC_LIB\DEBUG_ST\FTBITMAPGLYPH.OBJ
D:\GASAL_2012\GRAFIKA_KOMPUTER\FTGL-2.1.2\FTGL\WIN32_VCPP\FTGL_STATIC_LIB\DEBUG_ST\FTCHARMAP.OBJ
D:\GASAL_2012\GRAFIKA_KOMPUTER\FTGL-2.1.2\FTGL\WIN32_VCPP\FTGL_STATIC_LIB\DEBUG_ST\FTCONTOUR.OBJ
D:\GASAL_2012\GRAFIKA_KOMPUTER\FTGL-2.1.2\FTGL\WIN32_VCPP\FTGL_STATIC_LIB\DEBUG_ST\FTEXTRDGLYPH.OBJ
D:\GASAL_2012\GRAFIKA_KOMPUTER\FTGL-2.1.2\FTGL\WIN32_VCPP\FTGL_STATIC_LIB\DEBUG_ST\FTFACE.OBJ
D:\GASAL_2012\GRAFIKA_KOMPUTER\FTGL-2.1.2\FTGL\WIN32_VCPP\FTGL_STATIC_LIB\DEBUG_ST\FTFONT.OBJ
D:\GASAL_2012\GRAFIKA_KOMPUTER\FTGL-2.1.2\FTGL\WIN32_VCPP\FTGL_STATIC_LIB\DEBUG_ST\FTGLBITMAPFONT.OBJ
D:\GASAL_2012\GRAFIKA_KOMPUTER\FTGL-2.1.2\FTGL\WIN32_VCPP\FTGL_STATIC_LIB\DEBUG_ST\FTGLEXTRDFONT.OBJ
D:\GASAL_2012\GRAFIKA_KOMPUTER\FTGL-2.1.2\FTGL\WIN32_VCPP\FTGL_STATIC_LIB\DEBUG_ST\FTGLOUTLINEFONT.OBJ
D:\GASAL_2012\GRAFIKA_KOMPUTER\FTGL-2.1.2\FTGL\WIN32_VCPP\FTGL_STATIC_LIB\DEBUG_ST\FTGLPIXMAPFONT.OBJ
D:\GASAL_2012\GRAFIKA_KOMPUTER\FTGL-2.1.2\FTGL\WIN32_VCPP\FTGL_STATIC_LIB\DEBUG_ST\FTGLPOLYGONFONT.OBJ
D:\GASAL_2012\GRAFIKA_KOMPUTER\FTGL-2.1.2\FTGL\WIN32_VCPP\FTGL_STATIC_LIB\DEBUG_ST\FTGLTEXTUREFONT.OBJ
D:\GASAL_2012\GRAFIKA_KOMPUTER\FTGL-2.1.2\FTGL\WIN32_VCPP\FTGL_STATIC_LIB\DEBUG_ST\FTGLYPH.OBJ
D:\GASAL_2012\GRAFIKA_KOMPUTER\FTGL-2.1.2\FTGL\WIN32_VCPP\FTGL_STATIC_LIB\DEBUG_ST\FTGLYPHCONTAINER.OBJ
D:\GASAL_2012\GRAFIKA_KOMPUTER\FTGL-2.1.2\FTGL\WIN32_VCPP\FTGL_STATIC_LIB\DEBUG_ST\FTLIBRARY.OBJ
D:\GASAL_2012\GRAFIKA_KOMPUTER\FTGL-2.1.2\FTGL\WIN32_VCPP\FTGL_STATIC_LIB\DEBUG_ST\FTOUTLINEGLYPH.OBJ
D:\GASAL_2012\GRAFIKA_KOMPUTER\FTGL-2.1.2\FTGL\WIN32_VCPP\FTGL_STATIC_LIB\DEBUG_ST\FTPIXMAPGLYPH.OBJ
D:\GASAL_2012\GRAFIKA_KOMPUTER\FTGL-2.1.2\FTGL\WIN32_VCPP\FTGL_STATIC_LIB\DEBUG_ST\FTPOINT.OBJ
D:\GASAL_2012\GRAFIKA_KOMPUTER\FTGL-2.1.2\FTGL\WIN32_VCPP\FTGL_STATIC_LIB\DEBUG_ST\FTPOLYGLYPH.OBJ
D:\GASAL_2012\GRAFIKA_KOMPUTER\FTGL-2.1.2\FTGL\WIN32_VCPP\FTGL_STATIC_LIB\DEBUG_ST\FTSIZE.OBJ
D:\GASAL_2012\GRAFIKA_KOMPUTER\FTGL-2.1.2\FTGL\WIN32_VCPP\FTGL_STATIC_LIB\DEBUG_ST\FTTEXTUREGLYPH.OBJ
D:\GASAL_2012\GRAFIKA_KOMPUTER\FTGL-2.1.2\FTGL\WIN32_VCPP\FTGL_STATIC_LIB\DEBUG_ST\FTVECTORISER.OBJ
D:\GASAL_2012\Grafika_Komputer\ftgl-2.1.2\FTGL\win32_vcpp\ftgl_static_lib\Debug_ST\lib.command.1.tlog
D:\GASAL_2012\Grafika_Komputer\ftgl-2.1.2\FTGL\win32_vcpp\ftgl_static_lib\Debug_ST\Lib-link.read.1.tlog
D:\GASAL_2012\Grafika_Komputer\ftgl-2.1.2\FTGL\win32_vcpp\ftgl_static_lib\Debug_ST\Lib-link.write.1.tlog
D:\GASAL_2012\Grafika_Komputer\ftgl-2.1.2\FTGL\win32_vcpp\ftgl_static_lib\Debug_ST\vc100.idb
D:\GASAL_2012\GRAFIKA_KOMPUTER\FTGL-2.1.2\FTGL\WIN32_VCPP\FTGL_STATIC_LIB\DEBUG_ST\VC100.PDB
