.\Debug\ftgl_demo.pdb
D:\GASAL_2012\GRAFIKA_KOMPUTER\FTGL-2.1.2\FTGL\WIN32_VCPP\BUILD\FTGL_DEMO_STATIC_D.EXE
D:\GASAL_2012\GRAFIKA_KOMPUTER\FTGL-2.1.2\FTGL\WIN32_VCPP\BUILD\FTGL_DEMO_STATIC_D.ILK
D:\GASAL_2012\Grafika_Komputer\ftgl-2.1.2\FTGL\win32_vcpp\ftgl_demo\.\Debug\ftgl_demo.exe.intermediate.manifest
D:\GASAL_2012\Grafika_Komputer\ftgl-2.1.2\FTGL\win32_vcpp\ftgl_demo\Debug\cl.command.1.tlog
D:\GASAL_2012\Grafika_Komputer\ftgl-2.1.2\FTGL\win32_vcpp\ftgl_demo\Debug\CL.read.1.tlog
D:\GASAL_2012\Grafika_Komputer\ftgl-2.1.2\FTGL\win32_vcpp\ftgl_demo\Debug\CL.write.1.tlog
D:\GASAL_2012\GRAFIKA_KOMPUTER\FTGL-2.1.2\FTGL\WIN32_VCPP\FTGL_DEMO\DEBUG\DEMO.OBJ
D:\GASAL_2012\GRAFIKA_KOMPUTER\FTGL-2.1.2\FTGL\WIN32_VCPP\FTGL_DEMO\DEBUG\FTGL_DEMO.EXE.EMBED.MANIFEST
D:\GASAL_2012\GRAFIKA_KOMPUTER\FTGL-2.1.2\FTGL\WIN32_VCPP\FTGL_DEMO\DEBUG\FTGL_DEMO.EXE.EMBED.MANIFEST.RES
D:\GASAL_2012\GRAFIKA_KOMPUTER\FTGL-2.1.2\FTGL\WIN32_VCPP\FTGL_DEMO\DEBUG\FTGL_DEMO.EXE.INTERMEDIATE.MANIFEST
D:\GASAL_2012\GRAFIKA_KOMPUTER\FTGL-2.1.2\FTGL\WIN32_VCPP\FTGL_DEMO\DEBUG\FTGL_DEMO.PDB
D:\GASAL_2012\Grafika_Komputer\ftgl-2.1.2\FTGL\win32_vcpp\ftgl_demo\Debug\ftgl_demo_manifest.rc
D:\GASAL_2012\Grafika_Komputer\ftgl-2.1.2\FTGL\win32_vcpp\ftgl_demo\Debug\link.4776.read.1.tlog
D:\GASAL_2012\Grafika_Komputer\ftgl-2.1.2\FTGL\win32_vcpp\ftgl_demo\Debug\link.4776.write.1.tlog
D:\GASAL_2012\Grafika_Komputer\ftgl-2.1.2\FTGL\win32_vcpp\ftgl_demo\Debug\link.4776-cvtres.read.1.tlog
D:\GASAL_2012\Grafika_Komputer\ftgl-2.1.2\FTGL\win32_vcpp\ftgl_demo\Debug\link.4776-cvtres.write.1.tlog
D:\GASAL_2012\Grafika_Komputer\ftgl-2.1.2\FTGL\win32_vcpp\ftgl_demo\Debug\link.command.1.tlog
D:\GASAL_2012\Grafika_Komputer\ftgl-2.1.2\FTGL\win32_vcpp\ftgl_demo\Debug\link.read.1.tlog
D:\GASAL_2012\Grafika_Komputer\ftgl-2.1.2\FTGL\win32_vcpp\ftgl_demo\Debug\link.write.1.tlog
D:\GASAL_2012\Grafika_Komputer\ftgl-2.1.2\FTGL\win32_vcpp\ftgl_demo\Debug\link-cvtres.read.1.tlog
D:\GASAL_2012\Grafika_Komputer\ftgl-2.1.2\FTGL\win32_vcpp\ftgl_demo\Debug\link-cvtres.write.1.tlog
D:\GASAL_2012\Grafika_Komputer\ftgl-2.1.2\FTGL\win32_vcpp\ftgl_demo\Debug\mt.command.1.tlog
D:\GASAL_2012\Grafika_Komputer\ftgl-2.1.2\FTGL\win32_vcpp\ftgl_demo\Debug\mt.read.1.tlog
D:\GASAL_2012\Grafika_Komputer\ftgl-2.1.2\FTGL\win32_vcpp\ftgl_demo\Debug\mt.write.1.tlog
D:\GASAL_2012\Grafika_Komputer\ftgl-2.1.2\FTGL\win32_vcpp\ftgl_demo\Debug\rc.command.1.tlog
D:\GASAL_2012\Grafika_Komputer\ftgl-2.1.2\FTGL\win32_vcpp\ftgl_demo\Debug\rc.read.1.tlog
D:\GASAL_2012\Grafika_Komputer\ftgl-2.1.2\FTGL\win32_vcpp\ftgl_demo\Debug\rc.write.1.tlog
D:\GASAL_2012\Grafika_Komputer\ftgl-2.1.2\FTGL\win32_vcpp\ftgl_demo\Debug\vc100.idb
D:\GASAL_2012\GRAFIKA_KOMPUTER\FTGL-2.1.2\FTGL\WIN32_VCPP\FTGL_DEMO\DEBUG\VC100.PDB
